<?xml version="1.0" encoding="UTF-8"?>
<!-- Generated by org.testng.reporters.JUnitReportReporter -->
<testsuite hostname="Dhruvil" failures="0" tests="5" name="com.nopcommerce.demo.testsuite.ComputerPageTest" time="20.582" errors="0" timestamp="2023-12-10T23:15:23 GMT" skipped="0">
  <testcase classname="com.nopcommerce.demo.testsuite.ComputerPageTest" name="verifyUserShouldNavigateToComputerPageSuccessfully" time="3.324"/>
  <testcase classname="com.nopcommerce.demo.testsuite.ComputerPageTest" name="verifyThatUserShouldBuildYouOwnComputerAndAddThemToCartSuccessfully" time="4.395"/>
  <testcase classname="com.nopcommerce.demo.testsuite.ComputerPageTest" name="verifyUserShouldNavigateToDesktopsPageSuccessfully" time="3.532"/>
  <testcase classname="com.nopcommerce.demo.testsuite.ComputerPageTest" name="verifyThatUserShouldBuildYouOwnComputerAndAddThemToCartSuccessfully" time="4.343"/>
  <testcase classname="com.nopcommerce.demo.testsuite.ComputerPageTest" name="verifyThatUserShouldBuildYouOwnComputerAndAddThemToCartSuccessfully" time="4.988"/>
</testsuite> <!-- com.nopcommerce.demo.testsuite.ComputerPageTest -->
