<?xml version="1.0" encoding="UTF-8"?>
<!-- Generated by org.testng.reporters.JUnitReportReporter -->
<testsuite hostname="Dhruvil" failures="0" tests="4" name="com.nopcommerce.demo.testsuite.LoginPageTest" time="15.267" errors="0" timestamp="2023-12-10T23:15:23 GMT" skipped="0">
  <testcase classname="com.nopcommerce.demo.testsuite.LoginPageTest" name="verifyUserShouldNavigateToLoginPageSuccessfully" time="2.985"/>
  <testcase classname="com.nopcommerce.demo.testsuite.LoginPageTest" name="verifyThatUserShouldLogInSuccessFullyWithValidCredentials" time="4.738"/>
  <testcase classname="com.nopcommerce.demo.testsuite.LoginPageTest" name="verifyThatUserShouldLogOutSuccessFully" time="4.295"/>
  <testcase classname="com.nopcommerce.demo.testsuite.LoginPageTest" name="verifyErrorMessageWithInValidCredentials" time="3.249"/>
</testsuite> <!-- com.nopcommerce.demo.testsuite.LoginPageTest -->
